[12:57:12.060] repro start — runs/2026-06-17_12-57-12  drain=typed  max=20
[12:57:12.060] STEP 0: --no-launch; using already-running instances.
[12:57:12.088] STEP 0.5: host survival on → survival freeze (hunger/thirst/cold): ON — stats pinned full
[12:57:12.098] STEP 0.5: joiner survival on → survival freeze (hunger/thirst/cold): ON — stats pinned full
[12:57:12.179] STEP 0.5: host HungerRatio=1.00
[12:57:12.253] STEP 0.5: joiner HungerRatio=1.00
[12:57:12.590] STEP 1: host new free solo → loadzone:Kami_World/01_FirstRidge/SpawnerMC_Kami_01_FirstRidge
[12:57:12.881] STEP 1: joiner new free solo → loadzone:Kami_World/01_FirstRidge/SpawnerMC_Kami_01_FirstRidge
[12:57:21.109] STEP 1: both instances in a new free-solo climb.
[12:57:21.370] STEP 0.75: host log = P:\Steam\steamapps\common\Cairn\MelonLoader\CairnCoop\20260617-075338_pid13892.log
[12:57:23.924] STEP 0.75: host InRoom — [07:57:23.887] -- InRoom (native: IN_ROOM) | worstFrame:551ms
[12:57:24.222] STEP 0.75: joiner log = P:\Steam\steamapps\common\Cairn\MelonLoader\CairnCoop\20260617-075416_pid27716.log
[12:57:24.224] STEP 0.75: joiner InRoom — [07:57:22.176] -- InRoom (native: IN_ROOM) | worstFrame:257ms
[12:57:24.224] STEP 0.75: both InRoom (co-op room formed).
[12:57:24.311] STEP 2: host in co-op session.
[12:57:24.397] STEP 2: joiner in co-op session.
[12:57:24.475] STEP 2: host roped=True
[12:57:24.569] STEP 2: joiner roped=True
[12:57:24.569] STEP 2: both roped.
[12:57:24.570] ──────────── ATTEMPT 1/20 ────────────
[12:57:24.684] STEP 3: host drain(typed) → drained=4 module=ClimbingV2PawnControllerModuleIdle
[12:57:24.838] STEP 3: joiner drain(typed) → drained=4 module=ClimbingV2PawnControllerModuleIdle
[12:57:25.044]   host t+0s → GROUNDED  | module=ClimbingV2PawnControllerModuleIdle inRewind=False scrub=null tape=1.02 rfState=Holding rfDist=0.0001
[12:57:25.239]   joiner t+0s → GROUNDED  | module=ClimbingV2PawnControllerModuleIdle inRewind=False scrub=null tape=1.60 rfState=Holding rfDist=0.0001
[12:57:25.239] ATTEMPT 1: host=GROUNDED joiner=GROUNDED
[12:57:25.239] ──────────── SUMMARY ────────────
[12:57:25.239] attempts: 1
[12:57:25.239] host:   GROUNDED
[12:57:25.239] joiner: GROUNDED
[12:57:25.239] REPRO FIRED — bad outcome captured. See runs/ logs.
[12:57:25.239] logs: D:\code\ghidra\cairn-mp\tools\repro\runs\2026-06-17_12-57-12
